CRITICAL - 2022-03-22 03:24:07 --> Invalid file: gallery.php
#0 C:\xampp\htdocs\CI-irhamdafinTI6A\system\View\View.php(198): CodeIgniter\Exceptions\FrameworkException::forInvalidFile('gallery.php')
#1 C:\xampp\htdocs\CI-irhamdafinTI6A\system\Common.php(1089): CodeIgniter\View\View->render('gallery', Array, true)
#2 C:\xampp\htdocs\CI-irhamdafinTI6A\app\Controllers\Page.php(39): view('gallery')
#3 C:\xampp\htdocs\CI-irhamdafinTI6A\system\CodeIgniter.php(832): App\Controllers\Page->gallery()
#4 C:\xampp\htdocs\CI-irhamdafinTI6A\system\CodeIgniter.php(419): CodeIgniter\CodeIgniter->runController(Object(App\Controllers\Page))
#5 C:\xampp\htdocs\CI-irhamdafinTI6A\system\CodeIgniter.php(326): CodeIgniter\CodeIgniter->handleRequest(NULL, Object(Config\Cache), false)
#6 C:\xampp\htdocs\CI-irhamdafinTI6A\public\index.php(37): CodeIgniter\CodeIgniter->run()
#7 {main}
CRITICAL - 2022-03-22 03:24:40 --> Invalid file: news.php
#0 C:\xampp\htdocs\CI-irhamdafinTI6A\system\View\View.php(198): CodeIgniter\Exceptions\FrameworkException::forInvalidFile('news.php')
#1 C:\xampp\htdocs\CI-irhamdafinTI6A\system\Common.php(1089): CodeIgniter\View\View->render('news', Array, true)
#2 C:\xampp\htdocs\CI-irhamdafinTI6A\app\Controllers\Page.php(34): view('news')
#3 C:\xampp\htdocs\CI-irhamdafinTI6A\system\CodeIgniter.php(832): App\Controllers\Page->news()
#4 C:\xampp\htdocs\CI-irhamdafinTI6A\system\CodeIgniter.php(419): CodeIgniter\CodeIgniter->runController(Object(App\Controllers\Page))
#5 C:\xampp\htdocs\CI-irhamdafinTI6A\system\CodeIgniter.php(326): CodeIgniter\CodeIgniter->handleRequest(NULL, Object(Config\Cache), false)
#6 C:\xampp\htdocs\CI-irhamdafinTI6A\public\index.php(37): CodeIgniter\CodeIgniter->run()
#7 {main}
CRITICAL - 2022-03-22 03:28:30 --> include(halaman/home.php): failed to open stream: No such file or directory
#0 C:\xampp\htdocs\CI-irhamdafinTI6A\app\Views\gallery.php(51): CodeIgniter\Debug\Exceptions->errorHandler(2, 'include(halaman...', 'C:\\xampp\\htdocs...', 51, Array)
#1 C:\xampp\htdocs\CI-irhamdafinTI6A\app\Views\gallery.php(51): include()
#2 C:\xampp\htdocs\CI-irhamdafinTI6A\system\View\View.php(210): include('C:\\xampp\\htdocs...')
#3 C:\xampp\htdocs\CI-irhamdafinTI6A\system\View\View.php(213): CodeIgniter\View\View->CodeIgniter\View\{closure}()
#4 C:\xampp\htdocs\CI-irhamdafinTI6A\system\Common.php(1089): CodeIgniter\View\View->render('gallery', Array, true)
#5 C:\xampp\htdocs\CI-irhamdafinTI6A\app\Controllers\Page.php(39): view('gallery')
#6 C:\xampp\htdocs\CI-irhamdafinTI6A\system\CodeIgniter.php(832): App\Controllers\Page->gallery()
#7 C:\xampp\htdocs\CI-irhamdafinTI6A\system\CodeIgniter.php(419): CodeIgniter\CodeIgniter->runController(Object(App\Controllers\Page))
#8 C:\xampp\htdocs\CI-irhamdafinTI6A\system\CodeIgniter.php(326): CodeIgniter\CodeIgniter->handleRequest(NULL, Object(Config\Cache), false)
#9 C:\xampp\htdocs\CI-irhamdafinTI6A\public\index.php(37): CodeIgniter\CodeIgniter->run()
#10 {main}
CRITICAL - 2022-03-22 03:29:43 --> include(halaman/home.php): failed to open stream: No such file or directory
#0 C:\xampp\htdocs\CI-irhamdafinTI6A\app\Views\gallery.php(51): CodeIgniter\Debug\Exceptions->errorHandler(2, 'include(halaman...', 'C:\\xampp\\htdocs...', 51, Array)
#1 C:\xampp\htdocs\CI-irhamdafinTI6A\app\Views\gallery.php(51): include()
#2 C:\xampp\htdocs\CI-irhamdafinTI6A\system\View\View.php(210): include('C:\\xampp\\htdocs...')
#3 C:\xampp\htdocs\CI-irhamdafinTI6A\system\View\View.php(213): CodeIgniter\View\View->CodeIgniter\View\{closure}()
#4 C:\xampp\htdocs\CI-irhamdafinTI6A\system\Common.php(1089): CodeIgniter\View\View->render('gallery', Array, true)
#5 C:\xampp\htdocs\CI-irhamdafinTI6A\app\Controllers\Page.php(39): view('gallery')
#6 C:\xampp\htdocs\CI-irhamdafinTI6A\system\CodeIgniter.php(832): App\Controllers\Page->gallery()
#7 C:\xampp\htdocs\CI-irhamdafinTI6A\system\CodeIgniter.php(419): CodeIgniter\CodeIgniter->runController(Object(App\Controllers\Page))
#8 C:\xampp\htdocs\CI-irhamdafinTI6A\system\CodeIgniter.php(326): CodeIgniter\CodeIgniter->handleRequest(NULL, Object(Config\Cache), false)
#9 C:\xampp\htdocs\CI-irhamdafinTI6A\public\index.php(37): CodeIgniter\CodeIgniter->run()
#10 {main}
CRITICAL - 2022-03-22 03:29:43 --> include(halaman/home.php): failed to open stream: No such file or directory
#0 C:\xampp\htdocs\CI-irhamdafinTI6A\app\Views\gallery.php(51): CodeIgniter\Debug\Exceptions->errorHandler(2, 'include(halaman...', 'C:\\xampp\\htdocs...', 51, Array)
#1 C:\xampp\htdocs\CI-irhamdafinTI6A\app\Views\gallery.php(51): include()
#2 C:\xampp\htdocs\CI-irhamdafinTI6A\system\View\View.php(210): include('C:\\xampp\\htdocs...')
#3 C:\xampp\htdocs\CI-irhamdafinTI6A\system\View\View.php(213): CodeIgniter\View\View->CodeIgniter\View\{closure}()
#4 C:\xampp\htdocs\CI-irhamdafinTI6A\system\Common.php(1089): CodeIgniter\View\View->render('gallery', Array, true)
#5 C:\xampp\htdocs\CI-irhamdafinTI6A\app\Controllers\Page.php(39): view('gallery')
#6 C:\xampp\htdocs\CI-irhamdafinTI6A\system\CodeIgniter.php(832): App\Controllers\Page->gallery()
#7 C:\xampp\htdocs\CI-irhamdafinTI6A\system\CodeIgniter.php(419): CodeIgniter\CodeIgniter->runController(Object(App\Controllers\Page))
#8 C:\xampp\htdocs\CI-irhamdafinTI6A\system\CodeIgniter.php(326): CodeIgniter\CodeIgniter->handleRequest(NULL, Object(Config\Cache), false)
#9 C:\xampp\htdocs\CI-irhamdafinTI6A\public\index.php(37): CodeIgniter\CodeIgniter->run()
#10 {main}
