CRITICAL - 2022-03-24 22:11:46 --> Invalid file: gallery.php
#0 C:\xampp\htdocs\CI-rakhaharisTI6B\system\View\View.php(198): CodeIgniter\Exceptions\FrameworkException::forInvalidFile('gallery.php')
#1 C:\xampp\htdocs\CI-rakhaharisTI6B\system\Common.php(1089): CodeIgniter\View\View->render('gallery', Array, true)
#2 C:\xampp\htdocs\CI-rakhaharisTI6B\app\Controllers\Page.php(35): view('gallery')
#3 C:\xampp\htdocs\CI-rakhaharisTI6B\system\CodeIgniter.php(832): App\Controllers\Page->gallery()
#4 C:\xampp\htdocs\CI-rakhaharisTI6B\system\CodeIgniter.php(419): CodeIgniter\CodeIgniter->runController(Object(App\Controllers\Page))
#5 C:\xampp\htdocs\CI-rakhaharisTI6B\system\CodeIgniter.php(326): CodeIgniter\CodeIgniter->handleRequest(NULL, Object(Config\Cache), false)
#6 C:\xampp\htdocs\CI-rakhaharisTI6B\public\index.php(37): CodeIgniter\CodeIgniter->run()
#7 {main}
CRITICAL - 2022-03-24 22:14:41 --> Invalid file: gallery.php
#0 C:\xampp\htdocs\CI-rakhaharisTI6B\system\View\View.php(198): CodeIgniter\Exceptions\FrameworkException::forInvalidFile('gallery.php')
#1 C:\xampp\htdocs\CI-rakhaharisTI6B\system\Common.php(1089): CodeIgniter\View\View->render('gallery', Array, true)
#2 C:\xampp\htdocs\CI-rakhaharisTI6B\app\Controllers\Page.php(35): view('gallery')
#3 C:\xampp\htdocs\CI-rakhaharisTI6B\system\CodeIgniter.php(832): App\Controllers\Page->gallery()
#4 C:\xampp\htdocs\CI-rakhaharisTI6B\system\CodeIgniter.php(419): CodeIgniter\CodeIgniter->runController(Object(App\Controllers\Page))
#5 C:\xampp\htdocs\CI-rakhaharisTI6B\system\CodeIgniter.php(326): CodeIgniter\CodeIgniter->handleRequest(NULL, Object(Config\Cache), false)
#6 C:\xampp\htdocs\CI-rakhaharisTI6B\public\index.php(37): CodeIgniter\CodeIgniter->run()
#7 {main}
CRITICAL - 2022-03-24 23:04:31 --> Invalid file: new    s.php
#0 C:\xampp\htdocs\CI-rakhaharisTI6B\system\View\View.php(198): CodeIgniter\Exceptions\FrameworkException::forInvalidFile('new    s.php')
#1 C:\xampp\htdocs\CI-rakhaharisTI6B\system\Common.php(1089): CodeIgniter\View\View->render('new    s', Array, true)
#2 C:\xampp\htdocs\CI-rakhaharisTI6B\app\Controllers\Page.php(30): view('new    s')
#3 C:\xampp\htdocs\CI-rakhaharisTI6B\system\CodeIgniter.php(832): App\Controllers\Page->news()
#4 C:\xampp\htdocs\CI-rakhaharisTI6B\system\CodeIgniter.php(419): CodeIgniter\CodeIgniter->runController(Object(App\Controllers\Page))
#5 C:\xampp\htdocs\CI-rakhaharisTI6B\system\CodeIgniter.php(326): CodeIgniter\CodeIgniter->handleRequest(NULL, Object(Config\Cache), false)
#6 C:\xampp\htdocs\CI-rakhaharisTI6B\public\index.php(37): CodeIgniter\CodeIgniter->run()
#7 {main}
CRITICAL - 2022-03-24 23:04:34 --> Invalid file: new    s.php
#0 C:\xampp\htdocs\CI-rakhaharisTI6B\system\View\View.php(198): CodeIgniter\Exceptions\FrameworkException::forInvalidFile('new    s.php')
#1 C:\xampp\htdocs\CI-rakhaharisTI6B\system\Common.php(1089): CodeIgniter\View\View->render('new    s', Array, true)
#2 C:\xampp\htdocs\CI-rakhaharisTI6B\app\Controllers\Page.php(30): view('new    s')
#3 C:\xampp\htdocs\CI-rakhaharisTI6B\system\CodeIgniter.php(832): App\Controllers\Page->news()
#4 C:\xampp\htdocs\CI-rakhaharisTI6B\system\CodeIgniter.php(419): CodeIgniter\CodeIgniter->runController(Object(App\Controllers\Page))
#5 C:\xampp\htdocs\CI-rakhaharisTI6B\system\CodeIgniter.php(326): CodeIgniter\CodeIgniter->handleRequest(NULL, Object(Config\Cache), false)
#6 C:\xampp\htdocs\CI-rakhaharisTI6B\public\index.php(37): CodeIgniter\CodeIgniter->run()
#7 {main}
CRITICAL - 2022-03-24 23:04:38 --> Invalid file: new    s.php
#0 C:\xampp\htdocs\CI-rakhaharisTI6B\system\View\View.php(198): CodeIgniter\Exceptions\FrameworkException::forInvalidFile('new    s.php')
#1 C:\xampp\htdocs\CI-rakhaharisTI6B\system\Common.php(1089): CodeIgniter\View\View->render('new    s', Array, true)
#2 C:\xampp\htdocs\CI-rakhaharisTI6B\app\Controllers\Page.php(30): view('new    s')
#3 C:\xampp\htdocs\CI-rakhaharisTI6B\system\CodeIgniter.php(832): App\Controllers\Page->news()
#4 C:\xampp\htdocs\CI-rakhaharisTI6B\system\CodeIgniter.php(419): CodeIgniter\CodeIgniter->runController(Object(App\Controllers\Page))
#5 C:\xampp\htdocs\CI-rakhaharisTI6B\system\CodeIgniter.php(326): CodeIgniter\CodeIgniter->handleRequest(NULL, Object(Config\Cache), false)
#6 C:\xampp\htdocs\CI-rakhaharisTI6B\public\index.php(37): CodeIgniter\CodeIgniter->run()
#7 {main}
CRITICAL - 2022-03-24 23:04:39 --> Invalid file: new    s.php
#0 C:\xampp\htdocs\CI-rakhaharisTI6B\system\View\View.php(198): CodeIgniter\Exceptions\FrameworkException::forInvalidFile('new    s.php')
#1 C:\xampp\htdocs\CI-rakhaharisTI6B\system\Common.php(1089): CodeIgniter\View\View->render('new    s', Array, true)
#2 C:\xampp\htdocs\CI-rakhaharisTI6B\app\Controllers\Page.php(30): view('new    s')
#3 C:\xampp\htdocs\CI-rakhaharisTI6B\system\CodeIgniter.php(832): App\Controllers\Page->news()
#4 C:\xampp\htdocs\CI-rakhaharisTI6B\system\CodeIgniter.php(419): CodeIgniter\CodeIgniter->runController(Object(App\Controllers\Page))
#5 C:\xampp\htdocs\CI-rakhaharisTI6B\system\CodeIgniter.php(326): CodeIgniter\CodeIgniter->handleRequest(NULL, Object(Config\Cache), false)
#6 C:\xampp\htdocs\CI-rakhaharisTI6B\public\index.php(37): CodeIgniter\CodeIgniter->run()
#7 {main}
CRITICAL - 2022-03-24 23:04:49 --> Invalid file: new    s.php
#0 C:\xampp\htdocs\CI-rakhaharisTI6B\system\View\View.php(198): CodeIgniter\Exceptions\FrameworkException::forInvalidFile('new    s.php')
#1 C:\xampp\htdocs\CI-rakhaharisTI6B\system\Common.php(1089): CodeIgniter\View\View->render('new    s', Array, true)
#2 C:\xampp\htdocs\CI-rakhaharisTI6B\app\Controllers\Page.php(30): view('new    s')
#3 C:\xampp\htdocs\CI-rakhaharisTI6B\system\CodeIgniter.php(832): App\Controllers\Page->news()
#4 C:\xampp\htdocs\CI-rakhaharisTI6B\system\CodeIgniter.php(419): CodeIgniter\CodeIgniter->runController(Object(App\Controllers\Page))
#5 C:\xampp\htdocs\CI-rakhaharisTI6B\system\CodeIgniter.php(326): CodeIgniter\CodeIgniter->handleRequest(NULL, Object(Config\Cache), false)
#6 C:\xampp\htdocs\CI-rakhaharisTI6B\public\index.php(37): CodeIgniter\CodeIgniter->run()
#7 {main}
CRITICAL - 2022-03-24 23:04:58 --> Invalid file: new    s.php
#0 C:\xampp\htdocs\CI-rakhaharisTI6B\system\View\View.php(198): CodeIgniter\Exceptions\FrameworkException::forInvalidFile('new    s.php')
#1 C:\xampp\htdocs\CI-rakhaharisTI6B\system\Common.php(1089): CodeIgniter\View\View->render('new    s', Array, true)
#2 C:\xampp\htdocs\CI-rakhaharisTI6B\app\Controllers\Page.php(30): view('new    s')
#3 C:\xampp\htdocs\CI-rakhaharisTI6B\system\CodeIgniter.php(832): App\Controllers\Page->news()
#4 C:\xampp\htdocs\CI-rakhaharisTI6B\system\CodeIgniter.php(419): CodeIgniter\CodeIgniter->runController(Object(App\Controllers\Page))
#5 C:\xampp\htdocs\CI-rakhaharisTI6B\system\CodeIgniter.php(326): CodeIgniter\CodeIgniter->handleRequest(NULL, Object(Config\Cache), false)
#6 C:\xampp\htdocs\CI-rakhaharisTI6B\public\index.php(37): CodeIgniter\CodeIgniter->run()
#7 {main}
